Connecting to database specified by database.yml
Connecting to database specified by database.yml
  [1m[36m (0.1ms)[0m  [1mselect sqlite_version(*)[0m
  [1m[35m (21.7ms)[0m  CREATE TABLE "schema_migrations" ("version" varchar(255) NOT NULL) 
  [1m[36m (15.5ms)[0m  [1mCREATE UNIQUE INDEX "unique_schema_migrations" ON "schema_migrations" ("version")[0m
  [1m[35m (3.6ms)[0m  SELECT "schema_migrations"."version" FROM "schema_migrations" 
Migrating to CreateSales (20150111173110)
  [1m[36m (0.0ms)[0m  [1mbegin transaction[0m
  [1m[35m (0.4ms)[0m  CREATE TABLE "sales" ("id" INTEGER PRIMARY KEY AUTOINCREMENT NOT NULL, "good" varchar(255), "price" float, "date" date, "created_at" datetime NOT NULL, "updated_at" datetime NOT NULL) 
  [1m[36m (0.1ms)[0m  [1mINSERT INTO "schema_migrations" ("version") VALUES ('20150111173110')[0m
  [1m[35m (12.1ms)[0m  commit transaction
  [1m[36m (0.2ms)[0m  [1mSELECT "schema_migrations"."version" FROM "schema_migrations" [0m
Connecting to database specified by database.yml
  [1m[36m (18.0ms)[0m  [1mSELECT "schema_migrations"."version" FROM "schema_migrations" [0m
  [1m[35m (0.2ms)[0m  select sqlite_version(*)
  [1m[36m (18.7ms)[0m  [1mCREATE TABLE "sales" ("id" INTEGER PRIMARY KEY AUTOINCREMENT NOT NULL, "good" varchar(255), "price" float, "date" date, "created_at" datetime NOT NULL, "updated_at" datetime NOT NULL) [0m
  [1m[35m (10.0ms)[0m  CREATE TABLE "schema_migrations" ("version" varchar(255) NOT NULL) 
  [1m[36m (9.4ms)[0m  [1mCREATE UNIQUE INDEX "unique_schema_migrations" ON "schema_migrations" ("version")[0m
  [1m[35m (0.1ms)[0m  SELECT version FROM "schema_migrations"
  [1m[36m (9.0ms)[0m  [1mINSERT INTO "schema_migrations" (version) VALUES ('20150111173110')[0m
Connecting to database specified by database.yml
Connecting to database specified by database.yml
  [1m[36m (2.6ms)[0m  [1mSELECT "schema_migrations"."version" FROM "schema_migrations" [0m
Migrating to CreateSales (20150111173110)
Migrating to AddCityToSale (20150111173802)
  [1m[35m (0.1ms)[0m  select sqlite_version(*)
  [1m[36m (0.0ms)[0m  [1mbegin transaction[0m
  [1m[35m (0.6ms)[0m  ALTER TABLE "sales" ADD "city" varchar(255)
  [1m[36m (0.2ms)[0m  [1mINSERT INTO "schema_migrations" ("version") VALUES ('20150111173802')[0m
  [1m[35m (34.7ms)[0m  commit transaction
  [1m[36m (0.1ms)[0m  [1mSELECT "schema_migrations"."version" FROM "schema_migrations" [0m
Connecting to database specified by database.yml
  [1m[36m (18.3ms)[0m  [1mSELECT "schema_migrations"."version" FROM "schema_migrations" [0m
  [1m[35m (0.2ms)[0m  select sqlite_version(*)
  [1m[36m (20.3ms)[0m  [1mCREATE TABLE "sales" ("id" INTEGER PRIMARY KEY AUTOINCREMENT NOT NULL, "good" varchar(255), "price" float, "date" date, "created_at" datetime NOT NULL, "updated_at" datetime NOT NULL, "city" varchar(255)) [0m
  [1m[35m (7.5ms)[0m  CREATE TABLE "schema_migrations" ("version" varchar(255) NOT NULL) 
  [1m[36m (8.5ms)[0m  [1mCREATE UNIQUE INDEX "unique_schema_migrations" ON "schema_migrations" ("version")[0m
  [1m[35m (0.1ms)[0m  SELECT version FROM "schema_migrations"
  [1m[36m (7.8ms)[0m  [1mINSERT INTO "schema_migrations" (version) VALUES ('20150111173802')[0m
  [1m[35m (7.1ms)[0m  INSERT INTO "schema_migrations" (version) VALUES ('20150111173110')


Started GET "/sales" for 127.0.0.1 at 2015-01-11 13:43:04 -0400
Connecting to database specified by database.yml
Processing by SalesController#index as HTML
  [1m[36mSale Load (0.1ms)[0m  [1mSELECT "sales".* FROM "sales" [0m
  Rendered sales/index.html.erb within layouts/application (4.1ms)
Warning. Error encountered while saving cache /home/saasbook/src/final/tmp/cache/sass/ed518cee69a5e4d5f5bb5c4488c2feb3ed5da04b/sales.css.scssc: can't dump anonymous class #<Class:0x9ff8d3c>
Compiled sales.css  (29ms)  (pid 24977)
Warning. Error encountered while saving cache /home/saasbook/src/final/tmp/cache/sass/ed518cee69a5e4d5f5bb5c4488c2feb3ed5da04b/scaffolds.css.scssc: can't dump anonymous class #<Class:0x9ff8d3c>
Compiled scaffolds.css  (18ms)  (pid 24977)
Compiled application.css  (72ms)  (pid 24977)
Compiled jquery.js  (2ms)  (pid 24977)
Compiled jquery_ujs.js  (0ms)  (pid 24977)
Compiled sales.js  (258ms)  (pid 24977)
Compiled application.js  (403ms)  (pid 24977)
Completed 200 OK in 753.4ms (Views: 678.9ms | ActiveRecord: 2.8ms)


Started GET "/assets/application.css?body=1" for 127.0.0.1 at 2015-01-11 13:43:05 -0400
Served asset /application.css - 304 Not Modified (45ms)


Started GET "/assets/sales.css?body=1" for 127.0.0.1 at 2015-01-11 13:43:05 -0400
Served asset /sales.css - 304 Not Modified (18ms)


Started GET "/assets/scaffolds.css?body=1" for 127.0.0.1 at 2015-01-11 13:43:05 -0400
Served asset /scaffolds.css - 304 Not Modified (7ms)


Started GET "/assets/jquery.js?body=1" for 127.0.0.1 at 2015-01-11 13:43:05 -0400
Served asset /jquery.js - 304 Not Modified (19ms)


Started GET "/assets/jquery_ujs.js?body=1" for 127.0.0.1 at 2015-01-11 13:43:05 -0400
Served asset /jquery_ujs.js - 304 Not Modified (19ms)


Started GET "/assets/sales.js?body=1" for 127.0.0.1 at 2015-01-11 13:43:05 -0400
Served asset /sales.js - 304 Not Modified (16ms)


Started GET "/assets/application.js?body=1" for 127.0.0.1 at 2015-01-11 13:43:05 -0400
Served asset /application.js - 304 Not Modified (31ms)
Connecting to database specified by database.yml
Connecting to database specified by database.yml
Connecting to database specified by database.yml


Started GET "/sales" for 127.0.0.1 at 2015-01-11 14:39:00 -0400
Connecting to database specified by database.yml
Processing by SalesController#index as HTML
  [1m[36mSale Load (0.1ms)[0m  [1mSELECT "sales".* FROM "sales" [0m
  Rendered sales/index.html.erb within layouts/application (7.9ms)
Completed 200 OK in 162.7ms (Views: 94.1ms | ActiveRecord: 4.7ms)


Started GET "/assets/application.css?body=1" for 127.0.0.1 at 2015-01-11 14:39:00 -0400
Served asset /application.css - 304 Not Modified (14ms)


Started GET "/assets/sales.css?body=1" for 127.0.0.1 at 2015-01-11 14:39:01 -0400
Served asset /sales.css - 304 Not Modified (3ms)


Started GET "/assets/scaffolds.css?body=1" for 127.0.0.1 at 2015-01-11 14:39:01 -0400
Served asset /scaffolds.css - 304 Not Modified (1ms)


Started GET "/assets/jquery.js?body=1" for 127.0.0.1 at 2015-01-11 14:39:01 -0400
Served asset /jquery.js - 304 Not Modified (2ms)


Started GET "/assets/jquery_ujs.js?body=1" for 127.0.0.1 at 2015-01-11 14:39:01 -0400
Served asset /jquery_ujs.js - 304 Not Modified (6ms)


Started GET "/assets/application.js?body=1" for 127.0.0.1 at 2015-01-11 14:39:01 -0400
Served asset /application.js - 304 Not Modified (29ms)


Started GET "/assets/sales.js?body=1" for 127.0.0.1 at 2015-01-11 14:39:01 -0400
Served asset /sales.js - 304 Not Modified (1ms)


Started GET "/sales/1" for 127.0.0.1 at 2015-01-11 14:39:12 -0400
Processing by SalesController#show as HTML
  Parameters: {"id"=>"1"}
  [1m[35mSale Load (0.4ms)[0m  SELECT "sales".* FROM "sales" WHERE "sales"."id" = ? LIMIT 1  [["id", "1"]]
  Rendered sales/show.html.erb within layouts/application (0.9ms)
Completed 200 OK in 15.5ms (Views: 6.4ms | ActiveRecord: 0.4ms)


Started GET "/assets/application.css?body=1" for 127.0.0.1 at 2015-01-11 14:39:12 -0400
Served asset /application.css - 304 Not Modified (2ms)


Started GET "/assets/sales.css?body=1" for 127.0.0.1 at 2015-01-11 14:39:12 -0400
Served asset /sales.css - 304 Not Modified (14ms)


Started GET "/assets/jquery.js?body=1" for 127.0.0.1 at 2015-01-11 14:39:12 -0400
Served asset /jquery.js - 304 Not Modified (13ms)


Started GET "/assets/scaffolds.css?body=1" for 127.0.0.1 at 2015-01-11 14:39:12 -0400
Served asset /scaffolds.css - 304 Not Modified (0ms)


Started GET "/assets/application.js?body=1" for 127.0.0.1 at 2015-01-11 14:39:12 -0400
Served asset /application.js - 304 Not Modified (9ms)


Started GET "/assets/sales.js?body=1" for 127.0.0.1 at 2015-01-11 14:39:12 -0400
Served asset /sales.js - 304 Not Modified (0ms)


Started GET "/assets/jquery_ujs.js?body=1" for 127.0.0.1 at 2015-01-11 14:39:12 -0400
Served asset /jquery_ujs.js - 304 Not Modified (5ms)
Connecting to database specified by database.yml
  [1m[36m (4.0ms)[0m  [1mSELECT "schema_migrations"."version" FROM "schema_migrations" [0m
  [1m[35m (0.0ms)[0m  begin transaction
  [1m[36mSQL (15.2ms)[0m  [1mINSERT INTO "sales" ("city", "created_at", "date", "good", "price", "updated_at") VALUES (?, ?, ?, ?, ?, ?)[0m  [["city", "Alex"], ["created_at", Sun, 11 Jan 2015 18:41:03 UTC +00:00], ["date", Fri, 09 Jan 2015], ["good", ["Galaxy S5", 5000]], ["price", 5000.0], ["updated_at", Sun, 11 Jan 2015 18:41:03 UTC +00:00]]
  [1m[35m (36.4ms)[0m  commit transaction
  [1m[36m (0.1ms)[0m  [1mbegin transaction[0m
  [1m[35mSQL (0.6ms)[0m  INSERT INTO "sales" ("city", "created_at", "date", "good", "price", "updated_at") VALUES (?, ?, ?, ?, ?, ?)  [["city", "Cairo"], ["created_at", Sun, 11 Jan 2015 18:41:03 UTC +00:00], ["date", Thu, 01 Jan 2015], ["good", ["Keybaord", 150]], ["price", 150.0], ["updated_at", Sun, 11 Jan 2015 18:41:03 UTC +00:00]]
  [1m[36m (13.8ms)[0m  [1mcommit transaction[0m
  [1m[35m (0.1ms)[0m  begin transaction
  [1m[36mSQL (0.5ms)[0m  [1mINSERT INTO "sales" ("city", "created_at", "date", "good", "price", "updated_at") VALUES (?, ?, ?, ?, ?, ?)[0m  [["city", "Mansoura"], ["created_at", Sun, 11 Jan 2015 18:41:03 UTC +00:00], ["date", Thu, 01 Jan 2015], ["good", ["CPU", 4000]], ["price", 4000.0], ["updated_at", Sun, 11 Jan 2015 18:41:03 UTC +00:00]]
  [1m[35m (21.9ms)[0m  commit transaction
  [1m[36m (0.1ms)[0m  [1mbegin transaction[0m
  [1m[35mSQL (1.0ms)[0m  INSERT INTO "sales" ("city", "created_at", "date", "good", "price", "updated_at") VALUES (?, ?, ?, ?, ?, ?)  [["city", "Mansoura"], ["created_at", Sun, 11 Jan 2015 18:41:03 UTC +00:00], ["date", Wed, 07 Jan 2015], ["good", ["CPU", 4000]], ["price", 4000.0], ["updated_at", Sun, 11 Jan 2015 18:41:03 UTC +00:00]]
  [1m[36m (25.2ms)[0m  [1mcommit transaction[0m
  [1m[35m (0.1ms)[0m  begin transaction
  [1m[36mSQL (1.0ms)[0m  [1mINSERT INTO "sales" ("city", "created_at", "date", "good", "price", "updated_at") VALUES (?, ?, ?, ?, ?, ?)[0m  [["city", "Alex"], ["created_at", Sun, 11 Jan 2015 18:41:03 UTC +00:00], ["date", Fri, 09 Jan 2015], ["good", ["CPU", 4000]], ["price", 4000.0], ["updated_at", Sun, 11 Jan 2015 18:41:03 UTC +00:00]]
  [1m[35m (59.4ms)[0m  commit transaction
  [1m[36m (0.1ms)[0m  [1mbegin transaction[0m
  [1m[35mSQL (1.2ms)[0m  INSERT INTO "sales" ("city", "created_at", "date", "good", "price", "updated_at") VALUES (?, ?, ?, ?, ?, ?)  [["city", "Mansoura"], ["created_at", Sun, 11 Jan 2015 18:41:03 UTC +00:00], ["date", Thu, 01 Jan 2015], ["good", ["Iphone 6", 6000]], ["price", 6000.0], ["updated_at", Sun, 11 Jan 2015 18:41:03 UTC +00:00]]
  [1m[36m (10.2ms)[0m  [1mcommit transaction[0m
  [1m[35m (0.0ms)[0m  begin transaction
  [1m[36mSQL (0.8ms)[0m  [1mINSERT INTO "sales" ("city", "created_at", "date", "good", "price", "updated_at") VALUES (?, ?, ?, ?, ?, ?)[0m  [["city", "Aswan"], ["created_at", Sun, 11 Jan 2015 18:41:03 UTC +00:00], ["date", Wed, 07 Jan 2015], ["good", ["Screen", 700]], ["price", 700.0], ["updated_at", Sun, 11 Jan 2015 18:41:03 UTC +00:00]]
  [1m[35m (14.2ms)[0m  commit transaction
  [1m[36m (0.0ms)[0m  [1mbegin transaction[0m
  [1m[35mSQL (0.7ms)[0m  INSERT INTO "sales" ("city", "created_at", "date", "good", "price", "updated_at") VALUES (?, ?, ?, ?, ?, ?)  [["city", "Cairo"], ["created_at", Sun, 11 Jan 2015 18:41:03 UTC +00:00], ["date", Wed, 07 Jan 2015], ["good", ["Galaxy S5", 5000]], ["price", 5000.0], ["updated_at", Sun, 11 Jan 2015 18:41:03 UTC +00:00]]
  [1m[36m (16.0ms)[0m  [1mcommit transaction[0m
  [1m[35m (0.0ms)[0m  begin transaction
  [1m[36mSQL (0.5ms)[0m  [1mINSERT INTO "sales" ("city", "created_at", "date", "good", "price", "updated_at") VALUES (?, ?, ?, ?, ?, ?)[0m  [["city", "Aswan"], ["created_at", Sun, 11 Jan 2015 18:41:03 UTC +00:00], ["date", Wed, 07 Jan 2015], ["good", ["Iphone 6", 6000]], ["price", 6000.0], ["updated_at", Sun, 11 Jan 2015 18:41:03 UTC +00:00]]
  [1m[35m (16.3ms)[0m  commit transaction
  [1m[36m (0.0ms)[0m  [1mbegin transaction[0m
  [1m[35mSQL (0.8ms)[0m  INSERT INTO "sales" ("city", "created_at", "date", "good", "price", "updated_at") VALUES (?, ?, ?, ?, ?, ?)  [["city", "Alex"], ["created_at", Sun, 11 Jan 2015 18:41:03 UTC +00:00], ["date", Wed, 07 Jan 2015], ["good", ["CPU", 4000]], ["price", 4000.0], ["updated_at", Sun, 11 Jan 2015 18:41:03 UTC +00:00]]
  [1m[36m (13.6ms)[0m  [1mcommit transaction[0m
  [1m[35m (0.0ms)[0m  begin transaction
  [1m[36mSQL (0.5ms)[0m  [1mINSERT INTO "sales" ("city", "created_at", "date", "good", "price", "updated_at") VALUES (?, ?, ?, ?, ?, ?)[0m  [["city", "Aswan"], ["created_at", Sun, 11 Jan 2015 18:41:03 UTC +00:00], ["date", Thu, 01 Jan 2015], ["good", ["Screen", 700]], ["price", 700.0], ["updated_at", Sun, 11 Jan 2015 18:41:03 UTC +00:00]]
  [1m[35m (13.7ms)[0m  commit transaction
  [1m[36m (0.0ms)[0m  [1mbegin transaction[0m
  [1m[35mSQL (0.5ms)[0m  INSERT INTO "sales" ("city", "created_at", "date", "good", "price", "updated_at") VALUES (?, ?, ?, ?, ?, ?)  [["city", "Cairo"], ["created_at", Sun, 11 Jan 2015 18:41:03 UTC +00:00], ["date", Wed, 07 Jan 2015], ["good", ["Galaxy S5", 5000]], ["price", 5000.0], ["updated_at", Sun, 11 Jan 2015 18:41:03 UTC +00:00]]
  [1m[36m (12.0ms)[0m  [1mcommit transaction[0m
  [1m[35m (0.0ms)[0m  begin transaction
  [1m[36mSQL (0.5ms)[0m  [1mINSERT INTO "sales" ("city", "created_at", "date", "good", "price", "updated_at") VALUES (?, ?, ?, ?, ?, ?)[0m  [["city", "Cairo"], ["created_at", Sun, 11 Jan 2015 18:41:03 UTC +00:00], ["date", Thu, 01 Jan 2015], ["good", ["Screen", 700]], ["price", 700.0], ["updated_at", Sun, 11 Jan 2015 18:41:03 UTC +00:00]]
  [1m[35m (10.6ms)[0m  commit transaction
  [1m[36m (0.0ms)[0m  [1mbegin transaction[0m
  [1m[35mSQL (0.6ms)[0m  INSERT INTO "sales" ("city", "created_at", "date", "good", "price", "updated_at") VALUES (?, ?, ?, ?, ?, ?)  [["city", "Mansoura"], ["created_at", Sun, 11 Jan 2015 18:41:03 UTC +00:00], ["date", Fri, 09 Jan 2015], ["good", ["Iphone 6", 6000]], ["price", 6000.0], ["updated_at", Sun, 11 Jan 2015 18:41:03 UTC +00:00]]
  [1m[36m (11.3ms)[0m  [1mcommit transaction[0m
  [1m[35m (0.0ms)[0m  begin transaction
  [1m[36mSQL (1.2ms)[0m  [1mINSERT INTO "sales" ("city", "created_at", "date", "good", "price", "updated_at") VALUES (?, ?, ?, ?, ?, ?)[0m  [["city", "Alex"], ["created_at", Sun, 11 Jan 2015 18:41:03 UTC +00:00], ["date", Wed, 07 Jan 2015], ["good", ["Iphone 6", 6000]], ["price", 6000.0], ["updated_at", Sun, 11 Jan 2015 18:41:03 UTC +00:00]]
  [1m[35m (12.4ms)[0m  commit transaction
  [1m[36m (0.0ms)[0m  [1mbegin transaction[0m
  [1m[35mSQL (0.6ms)[0m  INSERT INTO "sales" ("city", "created_at", "date", "good", "price", "updated_at") VALUES (?, ?, ?, ?, ?, ?)  [["city", "Alex"], ["created_at", Sun, 11 Jan 2015 18:41:03 UTC +00:00], ["date", Wed, 07 Jan 2015], ["good", ["Iphone 6", 6000]], ["price", 6000.0], ["updated_at", Sun, 11 Jan 2015 18:41:03 UTC +00:00]]
  [1m[36m (12.0ms)[0m  [1mcommit transaction[0m
  [1m[35m (0.0ms)[0m  begin transaction
  [1m[36mSQL (0.5ms)[0m  [1mINSERT INTO "sales" ("city", "created_at", "date", "good", "price", "updated_at") VALUES (?, ?, ?, ?, ?, ?)[0m  [["city", "Aswan"], ["created_at", Sun, 11 Jan 2015 18:41:03 UTC +00:00], ["date", Wed, 07 Jan 2015], ["good", ["Galaxy S5", 5000]], ["price", 5000.0], ["updated_at", Sun, 11 Jan 2015 18:41:03 UTC +00:00]]
  [1m[35m (15.8ms)[0m  commit transaction
  [1m[36m (0.0ms)[0m  [1mbegin transaction[0m
  [1m[35mSQL (0.5ms)[0m  INSERT INTO "sales" ("city", "created_at", "date", "good", "price", "updated_at") VALUES (?, ?, ?, ?, ?, ?)  [["city", "Aswan"], ["created_at", Sun, 11 Jan 2015 18:41:03 UTC +00:00], ["date", Wed, 07 Jan 2015], ["good", ["Keybaord", 150]], ["price", 150.0], ["updated_at", Sun, 11 Jan 2015 18:41:03 UTC +00:00]]
  [1m[36m (10.3ms)[0m  [1mcommit transaction[0m
  [1m[35m (0.0ms)[0m  begin transaction
  [1m[36mSQL (0.5ms)[0m  [1mINSERT INTO "sales" ("city", "created_at", "date", "good", "price", "updated_at") VALUES (?, ?, ?, ?, ?, ?)[0m  [["city", "Aswan"], ["created_at", Sun, 11 Jan 2015 18:41:04 UTC +00:00], ["date", Thu, 01 Jan 2015], ["good", ["Galaxy S5", 5000]], ["price", 5000.0], ["updated_at", Sun, 11 Jan 2015 18:41:04 UTC +00:00]]
  [1m[35m (14.9ms)[0m  commit transaction
  [1m[36m (0.0ms)[0m  [1mbegin transaction[0m
  [1m[35mSQL (0.7ms)[0m  INSERT INTO "sales" ("city", "created_at", "date", "good", "price", "updated_at") VALUES (?, ?, ?, ?, ?, ?)  [["city", "Aswan"], ["created_at", Sun, 11 Jan 2015 18:41:04 UTC +00:00], ["date", Fri, 09 Jan 2015], ["good", ["Iphone 6", 6000]], ["price", 6000.0], ["updated_at", Sun, 11 Jan 2015 18:41:04 UTC +00:00]]
  [1m[36m (17.6ms)[0m  [1mcommit transaction[0m
  [1m[35m (0.1ms)[0m  begin transaction
  [1m[36mSQL (0.7ms)[0m  [1mINSERT INTO "sales" ("city", "created_at", "date", "good", "price", "updated_at") VALUES (?, ?, ?, ?, ?, ?)[0m  [["city", "Cairo"], ["created_at", Sun, 11 Jan 2015 18:41:04 UTC +00:00], ["date", Fri, 09 Jan 2015], ["good", ["Screen", 700]], ["price", 700.0], ["updated_at", Sun, 11 Jan 2015 18:41:04 UTC +00:00]]
  [1m[35m (10.6ms)[0m  commit transaction
  [1m[36m (0.1ms)[0m  [1mbegin transaction[0m
  [1m[35mSQL (0.8ms)[0m  INSERT INTO "sales" ("city", "created_at", "date", "good", "price", "updated_at") VALUES (?, ?, ?, ?, ?, ?)  [["city", "Aswan"], ["created_at", Sun, 11 Jan 2015 18:41:04 UTC +00:00], ["date", Thu, 01 Jan 2015], ["good", ["Iphone 6", 6000]], ["price", 6000.0], ["updated_at", Sun, 11 Jan 2015 18:41:04 UTC +00:00]]
  [1m[36m (18.1ms)[0m  [1mcommit transaction[0m
  [1m[35m (0.2ms)[0m  begin transaction
  [1m[36mSQL (6.9ms)[0m  [1mINSERT INTO "sales" ("city", "created_at", "date", "good", "price", "updated_at") VALUES (?, ?, ?, ?, ?, ?)[0m  [["city", "Aswan"], ["created_at", Sun, 11 Jan 2015 18:41:04 UTC +00:00], ["date", Fri, 09 Jan 2015], ["good", ["CPU", 4000]], ["price", 4000.0], ["updated_at", Sun, 11 Jan 2015 18:41:04 UTC +00:00]]
  [1m[35m (26.4ms)[0m  commit transaction
  [1m[36m (0.2ms)[0m  [1mbegin transaction[0m
  [1m[35mSQL (6.1ms)[0m  INSERT INTO "sales" ("city", "created_at", "date", "good", "price", "updated_at") VALUES (?, ?, ?, ?, ?, ?)  [["city", "Cairo"], ["created_at", Sun, 11 Jan 2015 18:41:04 UTC +00:00], ["date", Wed, 07 Jan 2015], ["good", ["CPU", 4000]], ["price", 4000.0], ["updated_at", Sun, 11 Jan 2015 18:41:04 UTC +00:00]]
  [1m[36m (32.1ms)[0m  [1mcommit transaction[0m
  [1m[35m (0.3ms)[0m  begin transaction
  [1m[36mSQL (1.4ms)[0m  [1mINSERT INTO "sales" ("city", "created_at", "date", "good", "price", "updated_at") VALUES (?, ?, ?, ?, ?, ?)[0m  [["city", "Aswan"], ["created_at", Sun, 11 Jan 2015 18:41:04 UTC +00:00], ["date", Fri, 09 Jan 2015], ["good", ["Galaxy S5", 5000]], ["price", 5000.0], ["updated_at", Sun, 11 Jan 2015 18:41:04 UTC +00:00]]
  [1m[35m (30.3ms)[0m  commit transaction
  [1m[36m (0.2ms)[0m  [1mbegin transaction[0m
  [1m[35mSQL (1.6ms)[0m  INSERT INTO "sales" ("city", "created_at", "date", "good", "price", "updated_at") VALUES (?, ?, ?, ?, ?, ?)  [["city", "Aswan"], ["created_at", Sun, 11 Jan 2015 18:41:04 UTC +00:00], ["date", Thu, 01 Jan 2015], ["good", ["Screen", 700]], ["price", 700.0], ["updated_at", Sun, 11 Jan 2015 18:41:04 UTC +00:00]]
  [1m[36m (26.8ms)[0m  [1mcommit transaction[0m
  [1m[35m (0.2ms)[0m  begin transaction
  [1m[36mSQL (13.1ms)[0m  [1mINSERT INTO "sales" ("city", "created_at", "date", "good", "price", "updated_at") VALUES (?, ?, ?, ?, ?, ?)[0m  [["city", "Cairo"], ["created_at", Sun, 11 Jan 2015 18:41:04 UTC +00:00], ["date", Wed, 07 Jan 2015], ["good", ["CPU", 4000]], ["price", 4000.0], ["updated_at", Sun, 11 Jan 2015 18:41:04 UTC +00:00]]
  [1m[35m (19.2ms)[0m  commit transaction
  [1m[36m (0.1ms)[0m  [1mbegin transaction[0m
  [1m[35mSQL (0.9ms)[0m  INSERT INTO "sales" ("city", "created_at", "date", "good", "price", "updated_at") VALUES (?, ?, ?, ?, ?, ?)  [["city", "Alex"], ["created_at", Sun, 11 Jan 2015 18:41:04 UTC +00:00], ["date", Fri, 09 Jan 2015], ["good", ["Mouse", 10]], ["price", 10.0], ["updated_at", Sun, 11 Jan 2015 18:41:04 UTC +00:00]]
  [1m[36m (17.3ms)[0m  [1mcommit transaction[0m
  [1m[35m (0.1ms)[0m  begin transaction
  [1m[36mSQL (0.8ms)[0m  [1mINSERT INTO "sales" ("city", "created_at", "date", "good", "price", "updated_at") VALUES (?, ?, ?, ?, ?, ?)[0m  [["city", "Alex"], ["created_at", Sun, 11 Jan 2015 18:41:04 UTC +00:00], ["date", Fri, 09 Jan 2015], ["good", ["Iphone 6", 6000]], ["price", 6000.0], ["updated_at", Sun, 11 Jan 2015 18:41:04 UTC +00:00]]
  [1m[35m (13.1ms)[0m  commit transaction
  [1m[36m (0.1ms)[0m  [1mbegin transaction[0m
  [1m[35mSQL (0.7ms)[0m  INSERT INTO "sales" ("city", "created_at", "date", "good", "price", "updated_at") VALUES (?, ?, ?, ?, ?, ?)  [["city", "Mansoura"], ["created_at", Sun, 11 Jan 2015 18:41:04 UTC +00:00], ["date", Fri, 09 Jan 2015], ["good", ["CPU", 4000]], ["price", 4000.0], ["updated_at", Sun, 11 Jan 2015 18:41:04 UTC +00:00]]
  [1m[36m (15.8ms)[0m  [1mcommit transaction[0m
  [1m[35m (0.0ms)[0m  begin transaction
  [1m[36mSQL (0.8ms)[0m  [1mINSERT INTO "sales" ("city", "created_at", "date", "good", "price", "updated_at") VALUES (?, ?, ?, ?, ?, ?)[0m  [["city", "Mansoura"], ["created_at", Sun, 11 Jan 2015 18:41:04 UTC +00:00], ["date", Wed, 07 Jan 2015], ["good", ["Iphone 6", 6000]], ["price", 6000.0], ["updated_at", Sun, 11 Jan 2015 18:41:04 UTC +00:00]]
  [1m[35m (11.5ms)[0m  commit transaction
  [1m[36m (0.1ms)[0m  [1mbegin transaction[0m
  [1m[35mSQL (0.6ms)[0m  INSERT INTO "sales" ("city", "created_at", "date", "good", "price", "updated_at") VALUES (?, ?, ?, ?, ?, ?)  [["city", "Cairo"], ["created_at", Sun, 11 Jan 2015 18:41:04 UTC +00:00], ["date", Thu, 01 Jan 2015], ["good", ["Keybaord", 150]], ["price", 150.0], ["updated_at", Sun, 11 Jan 2015 18:41:04 UTC +00:00]]
  [1m[36m (15.9ms)[0m  [1mcommit transaction[0m
  [1m[35m (0.2ms)[0m  begin transaction
  [1m[36mSQL (0.7ms)[0m  [1mINSERT INTO "sales" ("city", "created_at", "date", "good", "price", "updated_at") VALUES (?, ?, ?, ?, ?, ?)[0m  [["city", "Mansoura"], ["created_at", Sun, 11 Jan 2015 18:41:04 UTC +00:00], ["date", Wed, 07 Jan 2015], ["good", ["Iphone 6", 6000]], ["price", 6000.0], ["updated_at", Sun, 11 Jan 2015 18:41:04 UTC +00:00]]
  [1m[35m (18.4ms)[0m  commit transaction
  [1m[36m (0.1ms)[0m  [1mbegin transaction[0m
  [1m[35mSQL (0.6ms)[0m  INSERT INTO "sales" ("city", "created_at", "date", "good", "price", "updated_at") VALUES (?, ?, ?, ?, ?, ?)  [["city", "Mansoura"], ["created_at", Sun, 11 Jan 2015 18:41:04 UTC +00:00], ["date", Wed, 07 Jan 2015], ["good", ["Keybaord", 150]], ["price", 150.0], ["updated_at", Sun, 11 Jan 2015 18:41:04 UTC +00:00]]
  [1m[36m (16.2ms)[0m  [1mcommit transaction[0m
  [1m[35m (0.0ms)[0m  begin transaction
  [1m[36mSQL (0.7ms)[0m  [1mINSERT INTO "sales" ("city", "created_at", "date", "good", "price", "updated_at") VALUES (?, ?, ?, ?, ?, ?)[0m  [["city", "Alex"], ["created_at", Sun, 11 Jan 2015 18:41:04 UTC +00:00], ["date", Thu, 01 Jan 2015], ["good", ["Iphone 6", 6000]], ["price", 6000.0], ["updated_at", Sun, 11 Jan 2015 18:41:04 UTC +00:00]]
  [1m[35m (10.4ms)[0m  commit transaction
  [1m[36m (0.1ms)[0m  [1mbegin transaction[0m
  [1m[35mSQL (0.7ms)[0m  INSERT INTO "sales" ("city", "created_at", "date", "good", "price", "updated_at") VALUES (?, ?, ?, ?, ?, ?)  [["city", "Alex"], ["created_at", Sun, 11 Jan 2015 18:41:04 UTC +00:00], ["date", Thu, 01 Jan 2015], ["good", ["Galaxy S5", 5000]], ["price", 5000.0], ["updated_at", Sun, 11 Jan 2015 18:41:04 UTC +00:00]]
  [1m[36m (12.2ms)[0m  [1mcommit transaction[0m
  [1m[35m (0.1ms)[0m  begin transaction
  [1m[36mSQL (0.5ms)[0m  [1mINSERT INTO "sales" ("city", "created_at", "date", "good", "price", "updated_at") VALUES (?, ?, ?, ?, ?, ?)[0m  [["city", "Alex"], ["created_at", Sun, 11 Jan 2015 18:41:04 UTC +00:00], ["date", Wed, 07 Jan 2015], ["good", ["Galaxy S5", 5000]], ["price", 5000.0], ["updated_at", Sun, 11 Jan 2015 18:41:04 UTC +00:00]]
  [1m[35m (8.9ms)[0m  commit transaction
  [1m[36m (0.1ms)[0m  [1mbegin transaction[0m
  [1m[35mSQL (0.5ms)[0m  INSERT INTO "sales" ("city", "created_at", "date", "good", "price", "updated_at") VALUES (?, ?, ?, ?, ?, ?)  [["city", "Cairo"], ["created_at", Sun, 11 Jan 2015 18:41:04 UTC +00:00], ["date", Wed, 07 Jan 2015], ["good", ["Iphone 6", 6000]], ["price", 6000.0], ["updated_at", Sun, 11 Jan 2015 18:41:04 UTC +00:00]]
  [1m[36m (13.7ms)[0m  [1mcommit transaction[0m
  [1m[35m (0.1ms)[0m  begin transaction
  [1m[36mSQL (0.6ms)[0m  [1mINSERT INTO "sales" ("city", "created_at", "date", "good", "price", "updated_at") VALUES (?, ?, ?, ?, ?, ?)[0m  [["city", "Alex"], ["created_at", Sun, 11 Jan 2015 18:41:04 UTC +00:00], ["date", Thu, 01 Jan 2015], ["good", ["Screen", 700]], ["price", 700.0], ["updated_at", Sun, 11 Jan 2015 18:41:04 UTC +00:00]]
  [1m[35m (13.6ms)[0m  commit transaction
  [1m[36m (0.0ms)[0m  [1mbegin transaction[0m
  [1m[35mSQL (0.6ms)[0m  INSERT INTO "sales" ("city", "created_at", "date", "good", "price", "updated_at") VALUES (?, ?, ?, ?, ?, ?)  [["city", "Cairo"], ["created_at", Sun, 11 Jan 2015 18:41:04 UTC +00:00], ["date", Wed, 07 Jan 2015], ["good", ["Iphone 6", 6000]], ["price", 6000.0], ["updated_at", Sun, 11 Jan 2015 18:41:04 UTC +00:00]]
  [1m[36m (14.4ms)[0m  [1mcommit transaction[0m
  [1m[35m (0.1ms)[0m  begin transaction
  [1m[36mSQL (0.7ms)[0m  [1mINSERT INTO "sales" ("city", "created_at", "date", "good", "price", "updated_at") VALUES (?, ?, ?, ?, ?, ?)[0m  [["city", "Aswan"], ["created_at", Sun, 11 Jan 2015 18:41:04 UTC +00:00], ["date", Wed, 07 Jan 2015], ["good", ["Iphone 6", 6000]], ["price", 6000.0], ["updated_at", Sun, 11 Jan 2015 18:41:04 UTC +00:00]]
  [1m[35m (12.7ms)[0m  commit transaction
  [1m[36m (0.1ms)[0m  [1mbegin transaction[0m
  [1m[35mSQL (0.7ms)[0m  INSERT INTO "sales" ("city", "created_at", "date", "good", "price", "updated_at") VALUES (?, ?, ?, ?, ?, ?)  [["city", "Aswan"], ["created_at", Sun, 11 Jan 2015 18:41:04 UTC +00:00], ["date", Wed, 07 Jan 2015], ["good", ["Keybaord", 150]], ["price", 150.0], ["updated_at", Sun, 11 Jan 2015 18:41:04 UTC +00:00]]
  [1m[36m (16.0ms)[0m  [1mcommit transaction[0m
  [1m[35m (0.1ms)[0m  begin transaction
  [1m[36mSQL (0.7ms)[0m  [1mINSERT INTO "sales" ("city", "created_at", "date", "good", "price", "updated_at") VALUES (?, ?, ?, ?, ?, ?)[0m  [["city", "Cairo"], ["created_at", Sun, 11 Jan 2015 18:41:04 UTC +00:00], ["date", Wed, 07 Jan 2015], ["good", ["CPU", 4000]], ["price", 4000.0], ["updated_at", Sun, 11 Jan 2015 18:41:04 UTC +00:00]]
  [1m[35m (12.7ms)[0m  commit transaction
  [1m[36m (0.1ms)[0m  [1mbegin transaction[0m
  [1m[35mSQL (0.8ms)[0m  INSERT INTO "sales" ("city", "created_at", "date", "good", "price", "updated_at") VALUES (?, ?, ?, ?, ?, ?)  [["city", "Aswan"], ["created_at", Sun, 11 Jan 2015 18:41:04 UTC +00:00], ["date", Wed, 07 Jan 2015], ["good", ["Keybaord", 150]], ["price", 150.0], ["updated_at", Sun, 11 Jan 2015 18:41:04 UTC +00:00]]
  [1m[36m (17.5ms)[0m  [1mcommit transaction[0m
  [1m[35m (0.1ms)[0m  begin transaction
  [1m[36mSQL (0.5ms)[0m  [1mINSERT INTO "sales" ("city", "created_at", "date", "good", "price", "updated_at") VALUES (?, ?, ?, ?, ?, ?)[0m  [["city", "Alex"], ["created_at", Sun, 11 Jan 2015 18:41:04 UTC +00:00], ["date", Fri, 09 Jan 2015], ["good", ["Mouse", 10]], ["price", 10.0], ["updated_at", Sun, 11 Jan 2015 18:41:04 UTC +00:00]]
  [1m[35m (11.2ms)[0m  commit transaction
  [1m[36m (0.1ms)[0m  [1mbegin transaction[0m
  [1m[35mSQL (0.8ms)[0m  INSERT INTO "sales" ("city", "created_at", "date", "good", "price", "updated_at") VALUES (?, ?, ?, ?, ?, ?)  [["city", "Aswan"], ["created_at", Sun, 11 Jan 2015 18:41:04 UTC +00:00], ["date", Fri, 09 Jan 2015], ["good", ["Screen", 700]], ["price", 700.0], ["updated_at", Sun, 11 Jan 2015 18:41:04 UTC +00:00]]
  [1m[36m (12.6ms)[0m  [1mcommit transaction[0m
  [1m[35m (0.1ms)[0m  begin transaction
  [1m[36mSQL (0.5ms)[0m  [1mINSERT INTO "sales" ("city", "created_at", "date", "good", "price", "updated_at") VALUES (?, ?, ?, ?, ?, ?)[0m  [["city", "Alex"], ["created_at", Sun, 11 Jan 2015 18:41:04 UTC +00:00], ["date", Wed, 07 Jan 2015], ["good", ["Galaxy S5", 5000]], ["price", 5000.0], ["updated_at", Sun, 11 Jan 2015 18:41:04 UTC +00:00]]
  [1m[35m (14.1ms)[0m  commit transaction
  [1m[36m (0.1ms)[0m  [1mbegin transaction[0m
  [1m[35mSQL (0.5ms)[0m  INSERT INTO "sales" ("city", "created_at", "date", "good", "price", "updated_at") VALUES (?, ?, ?, ?, ?, ?)  [["city", "Aswan"], ["created_at", Sun, 11 Jan 2015 18:41:04 UTC +00:00], ["date", Thu, 01 Jan 2015], ["good", ["Galaxy S5", 5000]], ["price", 5000.0], ["updated_at", Sun, 11 Jan 2015 18:41:04 UTC +00:00]]
  [1m[36m (12.8ms)[0m  [1mcommit transaction[0m
  [1m[35m (0.1ms)[0m  begin transaction
  [1m[36mSQL (0.6ms)[0m  [1mINSERT INTO "sales" ("city", "created_at", "date", "good", "price", "updated_at") VALUES (?, ?, ?, ?, ?, ?)[0m  [["city", "Alex"], ["created_at", Sun, 11 Jan 2015 18:41:04 UTC +00:00], ["date", Fri, 09 Jan 2015], ["good", ["Keybaord", 150]], ["price", 150.0], ["updated_at", Sun, 11 Jan 2015 18:41:04 UTC +00:00]]
  [1m[35m (13.1ms)[0m  commit transaction
  [1m[36m (0.1ms)[0m  [1mbegin transaction[0m
  [1m[35mSQL (0.5ms)[0m  INSERT INTO "sales" ("city", "created_at", "date", "good", "price", "updated_at") VALUES (?, ?, ?, ?, ?, ?)  [["city", "Mansoura"], ["created_at", Sun, 11 Jan 2015 18:41:04 UTC +00:00], ["date", Wed, 07 Jan 2015], ["good", ["CPU", 4000]], ["price", 4000.0], ["updated_at", Sun, 11 Jan 2015 18:41:04 UTC +00:00]]
  [1m[36m (9.5ms)[0m  [1mcommit transaction[0m
  [1m[35m (0.0ms)[0m  begin transaction
  [1m[36mSQL (0.7ms)[0m  [1mINSERT INTO "sales" ("city", "created_at", "date", "good", "price", "updated_at") VALUES (?, ?, ?, ?, ?, ?)[0m  [["city", "Mansoura"], ["created_at", Sun, 11 Jan 2015 18:41:04 UTC +00:00], ["date", Thu, 01 Jan 2015], ["good", ["Keybaord", 150]], ["price", 150.0], ["updated_at", Sun, 11 Jan 2015 18:41:04 UTC +00:00]]
  [1m[35m (11.5ms)[0m  commit transaction
  [1m[36m (0.1ms)[0m  [1mbegin transaction[0m
  [1m[35mSQL (0.8ms)[0m  INSERT INTO "sales" ("city", "created_at", "date", "good", "price", "updated_at") VALUES (?, ?, ?, ?, ?, ?)  [["city", "Alex"], ["created_at", Sun, 11 Jan 2015 18:41:04 UTC +00:00], ["date", Wed, 07 Jan 2015], ["good", ["Galaxy S5", 5000]], ["price", 5000.0], ["updated_at", Sun, 11 Jan 2015 18:41:04 UTC +00:00]]
  [1m[36m (10.8ms)[0m  [1mcommit transaction[0m
  [1m[35m (0.1ms)[0m  begin transaction
  [1m[36mSQL (0.8ms)[0m  [1mINSERT INTO "sales" ("city", "created_at", "date", "good", "price", "updated_at") VALUES (?, ?, ?, ?, ?, ?)[0m  [["city", "Cairo"], ["created_at", Sun, 11 Jan 2015 18:41:04 UTC +00:00], ["date", Fri, 09 Jan 2015], ["good", ["CPU", 4000]], ["price", 4000.0], ["updated_at", Sun, 11 Jan 2015 18:41:04 UTC +00:00]]
  [1m[35m (19.8ms)[0m  commit transaction
  [1m[36m (0.1ms)[0m  [1mbegin transaction[0m
  [1m[35mSQL (0.8ms)[0m  INSERT INTO "sales" ("city", "created_at", "date", "good", "price", "updated_at") VALUES (?, ?, ?, ?, ?, ?)  [["city", "Mansoura"], ["created_at", Sun, 11 Jan 2015 18:41:04 UTC +00:00], ["date", Thu, 01 Jan 2015], ["good", ["Galaxy S5", 5000]], ["price", 5000.0], ["updated_at", Sun, 11 Jan 2015 18:41:04 UTC +00:00]]
  [1m[36m (11.4ms)[0m  [1mcommit transaction[0m
  [1m[35m (0.1ms)[0m  begin transaction
  [1m[36mSQL (1.0ms)[0m  [1mINSERT INTO "sales" ("city", "created_at", "date", "good", "price", "updated_at") VALUES (?, ?, ?, ?, ?, ?)[0m  [["city", "Alex"], ["created_at", Sun, 11 Jan 2015 18:41:04 UTC +00:00], ["date", Fri, 09 Jan 2015], ["good", ["Screen", 700]], ["price", 700.0], ["updated_at", Sun, 11 Jan 2015 18:41:04 UTC +00:00]]
  [1m[35m (12.1ms)[0m  commit transaction
  [1m[36m (0.1ms)[0m  [1mbegin transaction[0m
  [1m[35mSQL (1.3ms)[0m  INSERT INTO "sales" ("city", "created_at", "date", "good", "price", "updated_at") VALUES (?, ?, ?, ?, ?, ?)  [["city", "Aswan"], ["created_at", Sun, 11 Jan 2015 18:41:04 UTC +00:00], ["date", Wed, 07 Jan 2015], ["good", ["Iphone 6", 6000]], ["price", 6000.0], ["updated_at", Sun, 11 Jan 2015 18:41:04 UTC +00:00]]
  [1m[36m (20.4ms)[0m  [1mcommit transaction[0m
  [1m[35m (0.1ms)[0m  begin transaction
  [1m[36mSQL (1.4ms)[0m  [1mINSERT INTO "sales" ("city", "created_at", "date", "good", "price", "updated_at") VALUES (?, ?, ?, ?, ?, ?)[0m  [["city", "Aswan"], ["created_at", Sun, 11 Jan 2015 18:41:04 UTC +00:00], ["date", Wed, 07 Jan 2015], ["good", ["Mouse", 10]], ["price", 10.0], ["updated_at", Sun, 11 Jan 2015 18:41:04 UTC +00:00]]
  [1m[35m (18.8ms)[0m  commit transaction
  [1m[36m (0.1ms)[0m  [1mbegin transaction[0m
  [1m[35mSQL (0.6ms)[0m  INSERT INTO "sales" ("city", "created_at", "date", "good", "price", "updated_at") VALUES (?, ?, ?, ?, ?, ?)  [["city", "Cairo"], ["created_at", Sun, 11 Jan 2015 18:41:04 UTC +00:00], ["date", Fri, 09 Jan 2015], ["good", ["Screen", 700]], ["price", 700.0], ["updated_at", Sun, 11 Jan 2015 18:41:04 UTC +00:00]]
  [1m[36m (14.4ms)[0m  [1mcommit transaction[0m
  [1m[35m (0.0ms)[0m  begin transaction
  [1m[36mSQL (0.5ms)[0m  [1mINSERT INTO "sales" ("city", "created_at", "date", "good", "price", "updated_at") VALUES (?, ?, ?, ?, ?, ?)[0m  [["city", "Alex"], ["created_at", Sun, 11 Jan 2015 18:41:04 UTC +00:00], ["date", Wed, 07 Jan 2015], ["good", ["Mouse", 10]], ["price", 10.0], ["updated_at", Sun, 11 Jan 2015 18:41:04 UTC +00:00]]
  [1m[35m (15.6ms)[0m  commit transaction
  [1m[36m (0.0ms)[0m  [1mbegin transaction[0m
  [1m[35mSQL (0.5ms)[0m  INSERT INTO "sales" ("city", "created_at", "date", "good", "price", "updated_at") VALUES (?, ?, ?, ?, ?, ?)  [["city", "Cairo"], ["created_at", Sun, 11 Jan 2015 18:41:04 UTC +00:00], ["date", Thu, 01 Jan 2015], ["good", ["Screen", 700]], ["price", 700.0], ["updated_at", Sun, 11 Jan 2015 18:41:04 UTC +00:00]]
  [1m[36m (9.3ms)[0m  [1mcommit transaction[0m
  [1m[35m (0.1ms)[0m  begin transaction
  [1m[36mSQL (0.6ms)[0m  [1mINSERT INTO "sales" ("city", "created_at", "date", "good", "price", "updated_at") VALUES (?, ?, ?, ?, ?, ?)[0m  [["city", "Cairo"], ["created_at", Sun, 11 Jan 2015 18:41:04 UTC +00:00], ["date", Thu, 01 Jan 2015], ["good", ["Keybaord", 150]], ["price", 150.0], ["updated_at", Sun, 11 Jan 2015 18:41:04 UTC +00:00]]
  [1m[35m (15.1ms)[0m  commit transaction
  [1m[36m (0.0ms)[0m  [1mbegin transaction[0m
  [1m[35mSQL (0.6ms)[0m  INSERT INTO "sales" ("city", "created_at", "date", "good", "price", "updated_at") VALUES (?, ?, ?, ?, ?, ?)  [["city", "Aswan"], ["created_at", Sun, 11 Jan 2015 18:41:04 UTC +00:00], ["date", Wed, 07 Jan 2015], ["good", ["CPU", 4000]], ["price", 4000.0], ["updated_at", Sun, 11 Jan 2015 18:41:04 UTC +00:00]]
  [1m[36m (11.8ms)[0m  [1mcommit transaction[0m
  [1m[35m (0.0ms)[0m  begin transaction
  [1m[36mSQL (0.5ms)[0m  [1mINSERT INTO "sales" ("city", "created_at", "date", "good", "price", "updated_at") VALUES (?, ?, ?, ?, ?, ?)[0m  [["city", "Alex"], ["created_at", Sun, 11 Jan 2015 18:41:04 UTC +00:00], ["date", Wed, 07 Jan 2015], ["good", ["CPU", 4000]], ["price", 4000.0], ["updated_at", Sun, 11 Jan 2015 18:41:04 UTC +00:00]]
  [1m[35m (10.8ms)[0m  commit transaction
  [1m[36m (0.0ms)[0m  [1mbegin transaction[0m
  [1m[35mSQL (0.7ms)[0m  INSERT INTO "sales" ("city", "created_at", "date", "good", "price", "updated_at") VALUES (?, ?, ?, ?, ?, ?)  [["city", "Aswan"], ["created_at", Sun, 11 Jan 2015 18:41:04 UTC +00:00], ["date", Thu, 01 Jan 2015], ["good", ["Keybaord", 150]], ["price", 150.0], ["updated_at", Sun, 11 Jan 2015 18:41:04 UTC +00:00]]
  [1m[36m (12.6ms)[0m  [1mcommit transaction[0m
  [1m[35m (0.0ms)[0m  begin transaction
  [1m[36mSQL (0.6ms)[0m  [1mINSERT INTO "sales" ("city", "created_at", "date", "good", "price", "updated_at") VALUES (?, ?, ?, ?, ?, ?)[0m  [["city", "Cairo"], ["created_at", Sun, 11 Jan 2015 18:41:04 UTC +00:00], ["date", Fri, 09 Jan 2015], ["good", ["Galaxy S5", 5000]], ["price", 5000.0], ["updated_at", Sun, 11 Jan 2015 18:41:04 UTC +00:00]]
  [1m[35m (12.7ms)[0m  commit transaction
  [1m[36m (0.0ms)[0m  [1mbegin transaction[0m
  [1m[35mSQL (0.6ms)[0m  INSERT INTO "sales" ("city", "created_at", "date", "good", "price", "updated_at") VALUES (?, ?, ?, ?, ?, ?)  [["city", "Aswan"], ["created_at", Sun, 11 Jan 2015 18:41:04 UTC +00:00], ["date", Fri, 09 Jan 2015], ["good", ["Galaxy S5", 5000]], ["price", 5000.0], ["updated_at", Sun, 11 Jan 2015 18:41:04 UTC +00:00]]
  [1m[36m (12.5ms)[0m  [1mcommit transaction[0m
  [1m[35m (0.0ms)[0m  begin transaction
  [1m[36mSQL (0.6ms)[0m  [1mINSERT INTO "sales" ("city", "created_at", "date", "good", "price", "updated_at") VALUES (?, ?, ?, ?, ?, ?)[0m  [["city", "Aswan"], ["created_at", Sun, 11 Jan 2015 18:41:04 UTC +00:00], ["date", Fri, 09 Jan 2015], ["good", ["CPU", 4000]], ["price", 4000.0], ["updated_at", Sun, 11 Jan 2015 18:41:04 UTC +00:00]]
  [1m[35m (22.6ms)[0m  commit transaction
  [1m[36m (0.1ms)[0m  [1mbegin transaction[0m
  [1m[35mSQL (5.4ms)[0m  INSERT INTO "sales" ("city", "created_at", "date", "good", "price", "updated_at") VALUES (?, ?, ?, ?, ?, ?)  [["city", "Cairo"], ["created_at", Sun, 11 Jan 2015 18:41:04 UTC +00:00], ["date", Thu, 01 Jan 2015], ["good", ["Iphone 6", 6000]], ["price", 6000.0], ["updated_at", Sun, 11 Jan 2015 18:41:04 UTC +00:00]]
  [1m[36m (27.5ms)[0m  [1mcommit transaction[0m
  [1m[35m (0.1ms)[0m  begin transaction
  [1m[36mSQL (16.0ms)[0m  [1mINSERT INTO "sales" ("city", "created_at", "date", "good", "price", "updated_at") VALUES (?, ?, ?, ?, ?, ?)[0m  [["city", "Aswan"], ["created_at", Sun, 11 Jan 2015 18:41:04 UTC +00:00], ["date", Thu, 01 Jan 2015], ["good", ["CPU", 4000]], ["price", 4000.0], ["updated_at", Sun, 11 Jan 2015 18:41:04 UTC +00:00]]
  [1m[35m (48.3ms)[0m  commit transaction
  [1m[36m (0.1ms)[0m  [1mbegin transaction[0m
  [1m[35mSQL (2.0ms)[0m  INSERT INTO "sales" ("city", "created_at", "date", "good", "price", "updated_at") VALUES (?, ?, ?, ?, ?, ?)  [["city", "Mansoura"], ["created_at", Sun, 11 Jan 2015 18:41:05 UTC +00:00], ["date", Wed, 07 Jan 2015], ["good", ["Keybaord", 150]], ["price", 150.0], ["updated_at", Sun, 11 Jan 2015 18:41:05 UTC +00:00]]
  [1m[36m (72.9ms)[0m  [1mcommit transaction[0m
  [1m[35m (0.1ms)[0m  begin transaction
  [1m[36mSQL (5.9ms)[0m  [1mINSERT INTO "sales" ("city", "created_at", "date", "good", "price", "updated_at") VALUES (?, ?, ?, ?, ?, ?)[0m  [["city", "Alex"], ["created_at", Sun, 11 Jan 2015 18:41:05 UTC +00:00], ["date", Thu, 01 Jan 2015], ["good", ["CPU", 4000]], ["price", 4000.0], ["updated_at", Sun, 11 Jan 2015 18:41:05 UTC +00:00]]
  [1m[35m (29.4ms)[0m  commit transaction
  [1m[36m (0.3ms)[0m  [1mbegin transaction[0m
  [1m[35mSQL (1.3ms)[0m  INSERT INTO "sales" ("city", "created_at", "date", "good", "price", "updated_at") VALUES (?, ?, ?, ?, ?, ?)  [["city", "Alex"], ["created_at", Sun, 11 Jan 2015 18:41:05 UTC +00:00], ["date", Fri, 09 Jan 2015], ["good", ["Keybaord", 150]], ["price", 150.0], ["updated_at", Sun, 11 Jan 2015 18:41:05 UTC +00:00]]
  [1m[36m (35.5ms)[0m  [1mcommit transaction[0m
  [1m[35m (0.1ms)[0m  begin transaction
  [1m[36mSQL (10.4ms)[0m  [1mINSERT INTO "sales" ("city", "created_at", "date", "good", "price", "updated_at") VALUES (?, ?, ?, ?, ?, ?)[0m  [["city", "Alex"], ["created_at", Sun, 11 Jan 2015 18:41:05 UTC +00:00], ["date", Fri, 09 Jan 2015], ["good", ["Iphone 6", 6000]], ["price", 6000.0], ["updated_at", Sun, 11 Jan 2015 18:41:05 UTC +00:00]]
  [1m[35m (26.5ms)[0m  commit transaction
  [1m[36m (0.1ms)[0m  [1mbegin transaction[0m
  [1m[35mSQL (1.2ms)[0m  INSERT INTO "sales" ("city", "created_at", "date", "good", "price", "updated_at") VALUES (?, ?, ?, ?, ?, ?)  [["city", "Aswan"], ["created_at", Sun, 11 Jan 2015 18:41:05 UTC +00:00], ["date", Fri, 09 Jan 2015], ["good", ["Screen", 700]], ["price", 700.0], ["updated_at", Sun, 11 Jan 2015 18:41:05 UTC +00:00]]
  [1m[36m (27.3ms)[0m  [1mcommit transaction[0m
  [1m[35m (0.1ms)[0m  begin transaction
  [1m[36mSQL (1.2ms)[0m  [1mINSERT INTO "sales" ("city", "created_at", "date", "good", "price", "updated_at") VALUES (?, ?, ?, ?, ?, ?)[0m  [["city", "Aswan"], ["created_at", Sun, 11 Jan 2015 18:41:05 UTC +00:00], ["date", Fri, 09 Jan 2015], ["good", ["Keybaord", 150]], ["price", 150.0], ["updated_at", Sun, 11 Jan 2015 18:41:05 UTC +00:00]]
  [1m[35m (24.5ms)[0m  commit transaction
  [1m[36m (0.1ms)[0m  [1mbegin transaction[0m
  [1m[35mSQL (0.9ms)[0m  INSERT INTO "sales" ("city", "created_at", "date", "good", "price", "updated_at") VALUES (?, ?, ?, ?, ?, ?)  [["city", "Aswan"], ["created_at", Sun, 11 Jan 2015 18:41:05 UTC +00:00], ["date", Wed, 07 Jan 2015], ["good", ["Iphone 6", 6000]], ["price", 6000.0], ["updated_at", Sun, 11 Jan 2015 18:41:05 UTC +00:00]]
  [1m[36m (27.5ms)[0m  [1mcommit transaction[0m
  [1m[35m (0.0ms)[0m  begin transaction
  [1m[36mSQL (0.5ms)[0m  [1mINSERT INTO "sales" ("city", "created_at", "date", "good", "price", "updated_at") VALUES (?, ?, ?, ?, ?, ?)[0m  [["city", "Cairo"], ["created_at", Sun, 11 Jan 2015 18:41:05 UTC +00:00], ["date", Wed, 07 Jan 2015], ["good", ["Iphone 6", 6000]], ["price", 6000.0], ["updated_at", Sun, 11 Jan 2015 18:41:05 UTC +00:00]]
  [1m[35m (15.0ms)[0m  commit transaction
  [1m[36m (0.0ms)[0m  [1mbegin transaction[0m
  [1m[35mSQL (0.7ms)[0m  INSERT INTO "sales" ("city", "created_at", "date", "good", "price", "updated_at") VALUES (?, ?, ?, ?, ?, ?)  [["city", "Aswan"], ["created_at", Sun, 11 Jan 2015 18:41:05 UTC +00:00], ["date", Fri, 09 Jan 2015], ["good", ["Iphone 6", 6000]], ["price", 6000.0], ["updated_at", Sun, 11 Jan 2015 18:41:05 UTC +00:00]]
  [1m[36m (24.1ms)[0m  [1mcommit transaction[0m
  [1m[35m (0.0ms)[0m  begin transaction
  [1m[36mSQL (0.6ms)[0m  [1mINSERT INTO "sales" ("city", "created_at", "date", "good", "price", "updated_at") VALUES (?, ?, ?, ?, ?, ?)[0m  [["city", "Mansoura"], ["created_at", Sun, 11 Jan 2015 18:41:05 UTC +00:00], ["date", Fri, 09 Jan 2015], ["good", ["Mouse", 10]], ["price", 10.0], ["updated_at", Sun, 11 Jan 2015 18:41:05 UTC +00:00]]
  [1m[35m (11.8ms)[0m  commit transaction
  [1m[36m (0.0ms)[0m  [1mbegin transaction[0m
  [1m[35mSQL (0.6ms)[0m  INSERT INTO "sales" ("city", "created_at", "date", "good", "price", "updated_at") VALUES (?, ?, ?, ?, ?, ?)  [["city", "Aswan"], ["created_at", Sun, 11 Jan 2015 18:41:05 UTC +00:00], ["date", Thu, 01 Jan 2015], ["good", ["CPU", 4000]], ["price", 4000.0], ["updated_at", Sun, 11 Jan 2015 18:41:05 UTC +00:00]]
  [1m[36m (12.9ms)[0m  [1mcommit transaction[0m
  [1m[35m (0.0ms)[0m  begin transaction
  [1m[36mSQL (0.6ms)[0m  [1mINSERT INTO "sales" ("city", "created_at", "date", "good", "price", "updated_at") VALUES (?, ?, ?, ?, ?, ?)[0m  [["city", "Aswan"], ["created_at", Sun, 11 Jan 2015 18:41:05 UTC +00:00], ["date", Thu, 01 Jan 2015], ["good", ["Mouse", 10]], ["price", 10.0], ["updated_at", Sun, 11 Jan 2015 18:41:05 UTC +00:00]]
  [1m[35m (13.1ms)[0m  commit transaction
  [1m[36m (0.0ms)[0m  [1mbegin transaction[0m
  [1m[35mSQL (0.6ms)[0m  INSERT INTO "sales" ("city", "created_at", "date", "good", "price", "updated_at") VALUES (?, ?, ?, ?, ?, ?)  [["city", "Mansoura"], ["created_at", Sun, 11 Jan 2015 18:41:05 UTC +00:00], ["date", Wed, 07 Jan 2015], ["good", ["Screen", 700]], ["price", 700.0], ["updated_at", Sun, 11 Jan 2015 18:41:05 UTC +00:00]]
  [1m[36m (13.8ms)[0m  [1mcommit transaction[0m
  [1m[35m (0.1ms)[0m  begin transaction
  [1m[36mSQL (0.6ms)[0m  [1mINSERT INTO "sales" ("city", "created_at", "date", "good", "price", "updated_at") VALUES (?, ?, ?, ?, ?, ?)[0m  [["city", "Alex"], ["created_at", Sun, 11 Jan 2015 18:41:05 UTC +00:00], ["date", Thu, 01 Jan 2015], ["good", ["Keybaord", 150]], ["price", 150.0], ["updated_at", Sun, 11 Jan 2015 18:41:05 UTC +00:00]]
  [1m[35m (14.7ms)[0m  commit transaction
  [1m[36m (0.0ms)[0m  [1mbegin transaction[0m
  [1m[35mSQL (0.6ms)[0m  INSERT INTO "sales" ("city", "created_at", "date", "good", "price", "updated_at") VALUES (?, ?, ?, ?, ?, ?)  [["city", "Aswan"], ["created_at", Sun, 11 Jan 2015 18:41:05 UTC +00:00], ["date", Wed, 07 Jan 2015], ["good", ["Iphone 6", 6000]], ["price", 6000.0], ["updated_at", Sun, 11 Jan 2015 18:41:05 UTC +00:00]]
  [1m[36m (11.8ms)[0m  [1mcommit transaction[0m
  [1m[35m (0.0ms)[0m  begin transaction
  [1m[36mSQL (0.8ms)[0m  [1mINSERT INTO "sales" ("city", "created_at", "date", "good", "price", "updated_at") VALUES (?, ?, ?, ?, ?, ?)[0m  [["city", "Mansoura"], ["created_at", Sun, 11 Jan 2015 18:41:05 UTC +00:00], ["date", Wed, 07 Jan 2015], ["good", ["CPU", 4000]], ["price", 4000.0], ["updated_at", Sun, 11 Jan 2015 18:41:05 UTC +00:00]]
  [1m[35m (24.0ms)[0m  commit transaction
  [1m[36m (0.1ms)[0m  [1mbegin transaction[0m
  [1m[35mSQL (1.1ms)[0m  INSERT INTO "sales" ("city", "created_at", "date", "good", "price", "updated_at") VALUES (?, ?, ?, ?, ?, ?)  [["city", "Mansoura"], ["created_at", Sun, 11 Jan 2015 18:41:05 UTC +00:00], ["date", Wed, 07 Jan 2015], ["good", ["Keybaord", 150]], ["price", 150.0], ["updated_at", Sun, 11 Jan 2015 18:41:05 UTC +00:00]]
  [1m[36m (23.5ms)[0m  [1mcommit transaction[0m
  [1m[35m (0.0ms)[0m  begin transaction
  [1m[36mSQL (0.6ms)[0m  [1mINSERT INTO "sales" ("city", "created_at", "date", "good", "price", "updated_at") VALUES (?, ?, ?, ?, ?, ?)[0m  [["city", "Mansoura"], ["created_at", Sun, 11 Jan 2015 18:41:05 UTC +00:00], ["date", Fri, 09 Jan 2015], ["good", ["Galaxy S5", 5000]], ["price", 5000.0], ["updated_at", Sun, 11 Jan 2015 18:41:05 UTC +00:00]]
  [1m[35m (10.7ms)[0m  commit transaction
  [1m[36m (0.1ms)[0m  [1mbegin transaction[0m
  [1m[35mSQL (0.6ms)[0m  INSERT INTO "sales" ("city", "created_at", "date", "good", "price", "updated_at") VALUES (?, ?, ?, ?, ?, ?)  [["city", "Aswan"], ["created_at", Sun, 11 Jan 2015 18:41:05 UTC +00:00], ["date", Thu, 01 Jan 2015], ["good", ["Iphone 6", 6000]], ["price", 6000.0], ["updated_at", Sun, 11 Jan 2015 18:41:05 UTC +00:00]]
  [1m[36m (9.5ms)[0m  [1mcommit transaction[0m
  [1m[35m (0.0ms)[0m  begin transaction
  [1m[36mSQL (0.6ms)[0m  [1mINSERT INTO "sales" ("city", "created_at", "date", "good", "price", "updated_at") VALUES (?, ?, ?, ?, ?, ?)[0m  [["city", "Cairo"], ["created_at", Sun, 11 Jan 2015 18:41:05 UTC +00:00], ["date", Wed, 07 Jan 2015], ["good", ["Keybaord", 150]], ["price", 150.0], ["updated_at", Sun, 11 Jan 2015 18:41:05 UTC +00:00]]
  [1m[35m (11.5ms)[0m  commit transaction
  [1m[36m (0.2ms)[0m  [1mbegin transaction[0m
  [1m[35mSQL (0.5ms)[0m  INSERT INTO "sales" ("city", "created_at", "date", "good", "price", "updated_at") VALUES (?, ?, ?, ?, ?, ?)  [["city", "Mansoura"], ["created_at", Sun, 11 Jan 2015 18:41:05 UTC +00:00], ["date", Fri, 09 Jan 2015], ["good", ["Mouse", 10]], ["price", 10.0], ["updated_at", Sun, 11 Jan 2015 18:41:05 UTC +00:00]]
  [1m[36m (12.8ms)[0m  [1mcommit transaction[0m
  [1m[35m (0.0ms)[0m  begin transaction
  [1m[36mSQL (0.9ms)[0m  [1mINSERT INTO "sales" ("city", "created_at", "date", "good", "price", "updated_at") VALUES (?, ?, ?, ?, ?, ?)[0m  [["city", "Aswan"], ["created_at", Sun, 11 Jan 2015 18:41:05 UTC +00:00], ["date", Fri, 09 Jan 2015], ["good", ["CPU", 4000]], ["price", 4000.0], ["updated_at", Sun, 11 Jan 2015 18:41:05 UTC +00:00]]
  [1m[35m (11.4ms)[0m  commit transaction
  [1m[36m (0.0ms)[0m  [1mbegin transaction[0m
  [1m[35mSQL (0.6ms)[0m  INSERT INTO "sales" ("city", "created_at", "date", "good", "price", "updated_at") VALUES (?, ?, ?, ?, ?, ?)  [["city", "Alex"], ["created_at", Sun, 11 Jan 2015 18:41:05 UTC +00:00], ["date", Fri, 09 Jan 2015], ["good", ["Screen", 700]], ["price", 700.0], ["updated_at", Sun, 11 Jan 2015 18:41:05 UTC +00:00]]
  [1m[36m (10.3ms)[0m  [1mcommit transaction[0m
  [1m[35m (0.0ms)[0m  begin transaction
  [1m[36mSQL (0.5ms)[0m  [1mINSERT INTO "sales" ("city", "created_at", "date", "good", "price", "updated_at") VALUES (?, ?, ?, ?, ?, ?)[0m  [["city", "Alex"], ["created_at", Sun, 11 Jan 2015 18:41:05 UTC +00:00], ["date", Thu, 01 Jan 2015], ["good", ["Galaxy S5", 5000]], ["price", 5000.0], ["updated_at", Sun, 11 Jan 2015 18:41:05 UTC +00:00]]
  [1m[35m (10.8ms)[0m  commit transaction
  [1m[36m (0.0ms)[0m  [1mbegin transaction[0m
  [1m[35mSQL (0.5ms)[0m  INSERT INTO "sales" ("city", "created_at", "date", "good", "price", "updated_at") VALUES (?, ?, ?, ?, ?, ?)  [["city", "Mansoura"], ["created_at", Sun, 11 Jan 2015 18:41:05 UTC +00:00], ["date", Thu, 01 Jan 2015], ["good", ["Keybaord", 150]], ["price", 150.0], ["updated_at", Sun, 11 Jan 2015 18:41:05 UTC +00:00]]
  [1m[36m (12.8ms)[0m  [1mcommit transaction[0m
  [1m[35m (0.0ms)[0m  begin transaction
  [1m[36mSQL (0.5ms)[0m  [1mINSERT INTO "sales" ("city", "created_at", "date", "good", "price", "updated_at") VALUES (?, ?, ?, ?, ?, ?)[0m  [["city", "Cairo"], ["created_at", Sun, 11 Jan 2015 18:41:05 UTC +00:00], ["date", Thu, 01 Jan 2015], ["good", ["Mouse", 10]], ["price", 10.0], ["updated_at", Sun, 11 Jan 2015 18:41:05 UTC +00:00]]
  [1m[35m (13.3ms)[0m  commit transaction
  [1m[36m (0.0ms)[0m  [1mbegin transaction[0m
  [1m[35mSQL (0.5ms)[0m  INSERT INTO "sales" ("city", "created_at", "date", "good", "price", "updated_at") VALUES (?, ?, ?, ?, ?, ?)  [["city", "Aswan"], ["created_at", Sun, 11 Jan 2015 18:41:05 UTC +00:00], ["date", Fri, 09 Jan 2015], ["good", ["Mouse", 10]], ["price", 10.0], ["updated_at", Sun, 11 Jan 2015 18:41:05 UTC +00:00]]
  [1m[36m (10.0ms)[0m  [1mcommit transaction[0m
  [1m[35m (0.0ms)[0m  begin transaction
  [1m[36mSQL (0.7ms)[0m  [1mINSERT INTO "sales" ("city", "created_at", "date", "good", "price", "updated_at") VALUES (?, ?, ?, ?, ?, ?)[0m  [["city", "Mansoura"], ["created_at", Sun, 11 Jan 2015 18:41:05 UTC +00:00], ["date", Thu, 01 Jan 2015], ["good", ["CPU", 4000]], ["price", 4000.0], ["updated_at", Sun, 11 Jan 2015 18:41:05 UTC +00:00]]
  [1m[35m (13.4ms)[0m  commit transaction
  [1m[36m (0.1ms)[0m  [1mbegin transaction[0m
  [1m[35mSQL (0.5ms)[0m  INSERT INTO "sales" ("city", "created_at", "date", "good", "price", "updated_at") VALUES (?, ?, ?, ?, ?, ?)  [["city", "Cairo"], ["created_at", Sun, 11 Jan 2015 18:41:05 UTC +00:00], ["date", Thu, 01 Jan 2015], ["good", ["CPU", 4000]], ["price", 4000.0], ["updated_at", Sun, 11 Jan 2015 18:41:05 UTC +00:00]]
  [1m[36m (15.6ms)[0m  [1mcommit transaction[0m
  [1m[35m (0.0ms)[0m  begin transaction
  [1m[36mSQL (0.5ms)[0m  [1mINSERT INTO "sales" ("city", "created_at", "date", "good", "price", "updated_at") VALUES (?, ?, ?, ?, ?, ?)[0m  [["city", "Alex"], ["created_at", Sun, 11 Jan 2015 18:41:05 UTC +00:00], ["date", Fri, 09 Jan 2015], ["good", ["Galaxy S5", 5000]], ["price", 5000.0], ["updated_at", Sun, 11 Jan 2015 18:41:05 UTC +00:00]]
  [1m[35m (11.5ms)[0m  commit transaction
  [1m[36m (0.0ms)[0m  [1mbegin transaction[0m
  [1m[35mSQL (0.8ms)[0m  INSERT INTO "sales" ("city", "created_at", "date", "good", "price", "updated_at") VALUES (?, ?, ?, ?, ?, ?)  [["city", "Mansoura"], ["created_at", Sun, 11 Jan 2015 18:41:05 UTC +00:00], ["date", Thu, 01 Jan 2015], ["good", ["Screen", 700]], ["price", 700.0], ["updated_at", Sun, 11 Jan 2015 18:41:05 UTC +00:00]]
  [1m[36m (15.0ms)[0m  [1mcommit transaction[0m


Started GET "/sales" for 127.0.0.1 at 2015-01-11 14:41:15 -0400
Processing by SalesController#index as HTML
  [1m[36mSale Load (5.8ms)[0m  [1mSELECT "sales".* FROM "sales" [0m
  Rendered sales/index.html.erb within layouts/application (155.4ms)
Completed 200 OK in 210.9ms (Views: 180.4ms | ActiveRecord: 5.8ms)


Started GET "/assets/application.css?body=1" for 127.0.0.1 at 2015-01-11 14:41:16 -0400
Served asset /application.css - 304 Not Modified (12ms)


Started GET "/assets/sales.css?body=1" for 127.0.0.1 at 2015-01-11 14:41:16 -0400
Served asset /sales.css - 304 Not Modified (0ms)


Started GET "/assets/scaffolds.css?body=1" for 127.0.0.1 at 2015-01-11 14:41:16 -0400
Served asset /scaffolds.css - 304 Not Modified (0ms)


Started GET "/assets/jquery.js?body=1" for 127.0.0.1 at 2015-01-11 14:41:16 -0400
Served asset /jquery.js - 304 Not Modified (1ms)


Started GET "/assets/jquery_ujs.js?body=1" for 127.0.0.1 at 2015-01-11 14:41:16 -0400
Served asset /jquery_ujs.js - 304 Not Modified (0ms)


Started GET "/assets/sales.js?body=1" for 127.0.0.1 at 2015-01-11 14:41:16 -0400
Served asset /sales.js - 304 Not Modified (4ms)


Started GET "/assets/application.js?body=1" for 127.0.0.1 at 2015-01-11 14:41:16 -0400
Served asset /application.js - 304 Not Modified (8ms)


Started GET "/sales/1" for 127.0.0.1 at 2015-01-11 14:42:31 -0400
Processing by SalesController#show as HTML
  Parameters: {"id"=>"1"}
  [1m[35mSale Load (0.2ms)[0m  SELECT "sales".* FROM "sales" WHERE "sales"."id" = ? LIMIT 1  [["id", "1"]]
  Rendered sales/show.html.erb within layouts/application (0.8ms)
Completed 200 OK in 23.9ms (Views: 22.0ms | ActiveRecord: 0.2ms)


Started GET "/assets/application.css?body=1" for 127.0.0.1 at 2015-01-11 14:42:31 -0400
Served asset /application.css - 304 Not Modified (4ms)


Started GET "/assets/sales.css?body=1" for 127.0.0.1 at 2015-01-11 14:42:31 -0400
Served asset /sales.css - 304 Not Modified (0ms)


Started GET "/assets/scaffolds.css?body=1" for 127.0.0.1 at 2015-01-11 14:42:31 -0400
Served asset /scaffolds.css - 304 Not Modified (14ms)


Started GET "/assets/jquery.js?body=1" for 127.0.0.1 at 2015-01-11 14:42:31 -0400
Served asset /jquery.js - 304 Not Modified (1ms)


Started GET "/assets/jquery_ujs.js?body=1" for 127.0.0.1 at 2015-01-11 14:42:31 -0400
Served asset /jquery_ujs.js - 304 Not Modified (7ms)


Started GET "/assets/application.js?body=1" for 127.0.0.1 at 2015-01-11 14:42:31 -0400
Served asset /application.js - 304 Not Modified (1ms)


Started GET "/assets/sales.js?body=1" for 127.0.0.1 at 2015-01-11 14:42:31 -0400
Served asset /sales.js - 304 Not Modified (0ms)


Started GET "/sales/" for 127.0.0.1 at 2015-01-11 14:43:03 -0400
Processing by SalesController#index as HTML
  [1m[36mSale Load (7.8ms)[0m  [1mSELECT "sales".* FROM "sales" [0m
  Rendered sales/index.html.erb within layouts/application (135.6ms)
Completed 200 OK in 184.4ms (Views: 159.9ms | ActiveRecord: 7.8ms)


Started GET "/assets/application.css?body=1" for 127.0.0.1 at 2015-01-11 14:43:03 -0400
Served asset /application.css - 304 Not Modified (0ms)


Started GET "/assets/sales.css?body=1" for 127.0.0.1 at 2015-01-11 14:43:03 -0400
Served asset /sales.css - 304 Not Modified (2ms)


Started GET "/assets/scaffolds.css?body=1" for 127.0.0.1 at 2015-01-11 14:43:03 -0400
Served asset /scaffolds.css - 304 Not Modified (20ms)


Started GET "/assets/sales.js?body=1" for 127.0.0.1 at 2015-01-11 14:43:03 -0400
Served asset /sales.js - 304 Not Modified (0ms)


Started GET "/assets/jquery_ujs.js?body=1" for 127.0.0.1 at 2015-01-11 14:43:03 -0400
Served asset /jquery_ujs.js - 304 Not Modified (0ms)


Started GET "/assets/jquery.js?body=1" for 127.0.0.1 at 2015-01-11 14:43:03 -0400
Served asset /jquery.js - 304 Not Modified (11ms)


Started GET "/assets/application.js?body=1" for 127.0.0.1 at 2015-01-11 14:43:03 -0400
Served asset /application.js - 304 Not Modified (9ms)


Started GET "/sales/" for 127.0.0.1 at 2015-01-11 14:46:07 -0400
Processing by SalesController#index as HTML
Completed 500 Internal Server Error in 4.8ms

NoMethodError (undefined method `city' for #<Class:0xaf61418>):
  app/controllers/sales_controller.rb:5:in `index'


  Rendered /home/saasbook/.rvm/gems/ruby-1.9.3-p448/gems/actionpack-3.2.16/lib/action_dispatch/middleware/templates/rescues/_trace.erb (0.9ms)
  Rendered /home/saasbook/.rvm/gems/ruby-1.9.3-p448/gems/actionpack-3.2.16/lib/action_dispatch/middleware/templates/rescues/_request_and_response.erb (0.6ms)
  Rendered /home/saasbook/.rvm/gems/ruby-1.9.3-p448/gems/actionpack-3.2.16/lib/action_dispatch/middleware/templates/rescues/diagnostics.erb within rescues/layout (15.7ms)


Started GET "/sales/" for 127.0.0.1 at 2015-01-11 14:48:23 -0400
Processing by SalesController#index as HTML
Completed 500 Internal Server Error in 0.3ms

ArgumentError (wrong number of arguments (0 for 1)):
  app/models/sale.rb:4:in `filter_by_city'
  app/controllers/sales_controller.rb:5:in `index'


  Rendered /home/saasbook/.rvm/gems/ruby-1.9.3-p448/gems/actionpack-3.2.16/lib/action_dispatch/middleware/templates/rescues/_trace.erb (0.9ms)
  Rendered /home/saasbook/.rvm/gems/ruby-1.9.3-p448/gems/actionpack-3.2.16/lib/action_dispatch/middleware/templates/rescues/_request_and_response.erb (0.8ms)
  Rendered /home/saasbook/.rvm/gems/ruby-1.9.3-p448/gems/actionpack-3.2.16/lib/action_dispatch/middleware/templates/rescues/diagnostics.erb within rescues/layout (24.5ms)


Started GET "/sales/" for 127.0.0.1 at 2015-01-11 14:49:19 -0400
Processing by SalesController#index as HTML
  [1m[35mSale Load (0.5ms)[0m  SELECT "sales".* FROM "sales" WHERE "sales"."city" IS NULL
  Rendered sales/index.html.erb within layouts/application (3.0ms)
Completed 200 OK in 79.9ms (Views: 13.5ms | ActiveRecord: 1.3ms)


Started GET "/assets/application.css?body=1" for 127.0.0.1 at 2015-01-11 14:49:19 -0400
Served asset /application.css - 304 Not Modified (4ms)


Started GET "/assets/sales.css?body=1" for 127.0.0.1 at 2015-01-11 14:49:19 -0400
Served asset /sales.css - 304 Not Modified (0ms)


Started GET "/assets/scaffolds.css?body=1" for 127.0.0.1 at 2015-01-11 14:49:19 -0400
Served asset /scaffolds.css - 304 Not Modified (0ms)


Started GET "/assets/jquery.js?body=1" for 127.0.0.1 at 2015-01-11 14:49:19 -0400
Served asset /jquery.js - 304 Not Modified (5ms)


Started GET "/assets/jquery_ujs.js?body=1" for 127.0.0.1 at 2015-01-11 14:49:19 -0400
Served asset /jquery_ujs.js - 304 Not Modified (0ms)


Started GET "/assets/sales.js?body=1" for 127.0.0.1 at 2015-01-11 14:49:19 -0400
Served asset /sales.js - 304 Not Modified (0ms)


Started GET "/assets/application.js?body=1" for 127.0.0.1 at 2015-01-11 14:49:19 -0400
Served asset /application.js - 304 Not Modified (5ms)


Started GET "/sales/" for 127.0.0.1 at 2015-01-11 14:59:05 -0400
Processing by SalesController#index as HTML
  [1m[36mSale Load (0.3ms)[0m  [1mSELECT "sales".* FROM "sales" WHERE "sales"."city" IS NULL[0m
  Rendered sales/index.html.erb within layouts/application (2.6ms)
Completed 200 OK in 25.7ms (Views: 19.1ms | ActiveRecord: 1.7ms)


Started GET "/assets/application.css?body=1" for 127.0.0.1 at 2015-01-11 14:59:05 -0400
Served asset /application.css - 304 Not Modified (4ms)


Started GET "/assets/sales.css?body=1" for 127.0.0.1 at 2015-01-11 14:59:05 -0400
Served asset /sales.css - 304 Not Modified (0ms)


Started GET "/assets/scaffolds.css?body=1" for 127.0.0.1 at 2015-01-11 14:59:05 -0400
Served asset /scaffolds.css - 304 Not Modified (0ms)


Started GET "/assets/jquery.js?body=1" for 127.0.0.1 at 2015-01-11 14:59:05 -0400
Served asset /jquery.js - 304 Not Modified (0ms)


Started GET "/assets/jquery_ujs.js?body=1" for 127.0.0.1 at 2015-01-11 14:59:05 -0400
Served asset /jquery_ujs.js - 304 Not Modified (0ms)


Started GET "/assets/sales.js?body=1" for 127.0.0.1 at 2015-01-11 14:59:05 -0400
Served asset /sales.js - 304 Not Modified (0ms)


Started GET "/assets/application.js?body=1" for 127.0.0.1 at 2015-01-11 14:59:05 -0400
Served asset /application.js - 304 Not Modified (3ms)


Started GET "/sales/" for 127.0.0.1 at 2015-01-11 14:59:08 -0400
Processing by SalesController#index as HTML
  [1m[35mSale Load (0.3ms)[0m  SELECT "sales".* FROM "sales" WHERE "sales"."city" IS NULL
  Rendered sales/index.html.erb within layouts/application (0.8ms)
Completed 200 OK in 20.2ms (Views: 19.3ms | ActiveRecord: 0.3ms)


Started GET "/assets/application.css?body=1" for 127.0.0.1 at 2015-01-11 14:59:08 -0400
Served asset /application.css - 304 Not Modified (3ms)


Started GET "/assets/sales.css?body=1" for 127.0.0.1 at 2015-01-11 14:59:08 -0400
Served asset /sales.css - 304 Not Modified (24ms)


Started GET "/assets/scaffolds.css?body=1" for 127.0.0.1 at 2015-01-11 14:59:08 -0400
Served asset /scaffolds.css - 304 Not Modified (6ms)


Started GET "/assets/jquery.js?body=1" for 127.0.0.1 at 2015-01-11 14:59:08 -0400
Served asset /jquery.js - 304 Not Modified (10ms)


Started GET "/assets/jquery_ujs.js?body=1" for 127.0.0.1 at 2015-01-11 14:59:08 -0400
Served asset /jquery_ujs.js - 304 Not Modified (4ms)


Started GET "/assets/sales.js?body=1" for 127.0.0.1 at 2015-01-11 14:59:08 -0400
Served asset /sales.js - 304 Not Modified (0ms)


Started GET "/assets/application.js?body=1" for 127.0.0.1 at 2015-01-11 14:59:08 -0400
Served asset /application.js - 304 Not Modified (3ms)


Started GET "/sales/" for 127.0.0.1 at 2015-01-11 15:00:01 -0400
Processing by SalesController#index as HTML
  [1m[36mSale Load (0.3ms)[0m  [1mSELECT "sales".* FROM "sales" WHERE "sales"."city" IS NULL[0m
  Rendered sales/index.html.erb within layouts/application (2.9ms)
Completed 200 OK in 9.1ms (Views: 6.8ms | ActiveRecord: 1.7ms)


Started GET "/assets/application.css?body=1" for 127.0.0.1 at 2015-01-11 15:00:01 -0400
Served asset /application.css - 304 Not Modified (3ms)


Started GET "/assets/sales.css?body=1" for 127.0.0.1 at 2015-01-11 15:00:01 -0400
Served asset /sales.css - 304 Not Modified (0ms)


Started GET "/assets/scaffolds.css?body=1" for 127.0.0.1 at 2015-01-11 15:00:01 -0400
Served asset /scaffolds.css - 304 Not Modified (1ms)


Started GET "/assets/jquery.js?body=1" for 127.0.0.1 at 2015-01-11 15:00:01 -0400
Served asset /jquery.js - 304 Not Modified (10ms)


Started GET "/assets/jquery_ujs.js?body=1" for 127.0.0.1 at 2015-01-11 15:00:01 -0400
Served asset /jquery_ujs.js - 304 Not Modified (0ms)


Started GET "/assets/sales.js?body=1" for 127.0.0.1 at 2015-01-11 15:00:01 -0400
Served asset /sales.js - 304 Not Modified (8ms)


Started GET "/assets/application.js?body=1" for 127.0.0.1 at 2015-01-11 15:00:01 -0400
Served asset /application.js - 304 Not Modified (1ms)


Started GET "/sales/" for 127.0.0.1 at 2015-01-11 15:01:06 -0400
Processing by SalesController#index as HTML
  [1m[35mSale Load (0.6ms)[0m  SELECT "sales".* FROM "sales" 
  Rendered sales/index.html.erb within layouts/application (59.8ms)
Completed 200 OK in 94.3ms (Views: 80.2ms | ActiveRecord: 1.0ms)


Started GET "/assets/application.css?body=1" for 127.0.0.1 at 2015-01-11 15:01:06 -0400
Served asset /application.css - 304 Not Modified (0ms)


Started GET "/assets/sales.css?body=1" for 127.0.0.1 at 2015-01-11 15:01:06 -0400
Served asset /sales.css - 304 Not Modified (8ms)


Started GET "/assets/scaffolds.css?body=1" for 127.0.0.1 at 2015-01-11 15:01:06 -0400
Served asset /scaffolds.css - 304 Not Modified (0ms)


Started GET "/assets/jquery.js?body=1" for 127.0.0.1 at 2015-01-11 15:01:07 -0400
Served asset /jquery.js - 304 Not Modified (0ms)


Started GET "/assets/jquery_ujs.js?body=1" for 127.0.0.1 at 2015-01-11 15:01:07 -0400
Served asset /jquery_ujs.js - 304 Not Modified (14ms)


Started GET "/assets/sales.js?body=1" for 127.0.0.1 at 2015-01-11 15:01:07 -0400
Served asset /sales.js - 304 Not Modified (5ms)


Started GET "/assets/application.js?body=1" for 127.0.0.1 at 2015-01-11 15:01:07 -0400
Served asset /application.js - 304 Not Modified (1ms)


Started GET "/sales/" for 127.0.0.1 at 2015-01-11 15:03:34 -0400
Processing by SalesController#index as HTML
  [1m[36mSale Load (0.4ms)[0m  [1mSELECT "sales".* FROM "sales" WHERE "sales"."city" IS NULL[0m
  Rendered sales/index.html.erb within layouts/application (1.7ms)
Completed 200 OK in 9.0ms (Views: 7.6ms | ActiveRecord: 0.7ms)


Started GET "/assets/application.css?body=1" for 127.0.0.1 at 2015-01-11 15:03:34 -0400
Served asset /application.css - 304 Not Modified (2ms)


Started GET "/assets/sales.css?body=1" for 127.0.0.1 at 2015-01-11 15:03:34 -0400
Served asset /sales.css - 304 Not Modified (0ms)


Started GET "/assets/scaffolds.css?body=1" for 127.0.0.1 at 2015-01-11 15:03:34 -0400
Served asset /scaffolds.css - 304 Not Modified (4ms)


Started GET "/assets/jquery.js?body=1" for 127.0.0.1 at 2015-01-11 15:03:35 -0400
Served asset /jquery.js - 304 Not Modified (0ms)


Started GET "/assets/jquery_ujs.js?body=1" for 127.0.0.1 at 2015-01-11 15:03:35 -0400
Served asset /jquery_ujs.js - 304 Not Modified (0ms)


Started GET "/assets/sales.js?body=1" for 127.0.0.1 at 2015-01-11 15:03:35 -0400
Served asset /sales.js - 304 Not Modified (0ms)


Started GET "/assets/application.js?body=1" for 127.0.0.1 at 2015-01-11 15:03:35 -0400
Served asset /application.js - 304 Not Modified (8ms)


Started GET "/sales/" for 127.0.0.1 at 2015-01-11 15:03:59 -0400
Processing by SalesController#index as HTML
  [1m[35mSale Load (4.1ms)[0m  SELECT "sales".* FROM "sales" 
  Rendered sales/index.html.erb within layouts/application (68.0ms)
Completed 200 OK in 86.3ms (Views: 74.6ms | ActiveRecord: 4.5ms)


Started GET "/assets/application.css?body=1" for 127.0.0.1 at 2015-01-11 15:04:00 -0400
Served asset /application.css - 304 Not Modified (6ms)


Started GET "/assets/sales.css?body=1" for 127.0.0.1 at 2015-01-11 15:04:00 -0400
Served asset /sales.css - 304 Not Modified (0ms)


Started GET "/assets/scaffolds.css?body=1" for 127.0.0.1 at 2015-01-11 15:04:00 -0400
Served asset /scaffolds.css - 304 Not Modified (0ms)


Started GET "/assets/jquery.js?body=1" for 127.0.0.1 at 2015-01-11 15:04:00 -0400
Served asset /jquery.js - 304 Not Modified (0ms)


Started GET "/assets/jquery_ujs.js?body=1" for 127.0.0.1 at 2015-01-11 15:04:00 -0400
Served asset /jquery_ujs.js - 304 Not Modified (0ms)


Started GET "/assets/sales.js?body=1" for 127.0.0.1 at 2015-01-11 15:04:00 -0400
Served asset /sales.js - 304 Not Modified (1ms)


Started GET "/assets/application.js?body=1" for 127.0.0.1 at 2015-01-11 15:04:00 -0400
Served asset /application.js - 304 Not Modified (1ms)


Started GET "/sales/" for 127.0.0.1 at 2015-01-11 15:04:28 -0400
Processing by SalesController#index as HTML
  [1m[36mSale Load (0.3ms)[0m  [1mSELECT "sales".* FROM "sales" WHERE "sales"."city" IS NULL[0m
  Rendered sales/index.html.erb within layouts/application (1.8ms)
Completed 200 OK in 16.3ms (Views: 14.8ms | ActiveRecord: 0.7ms)


Started GET "/assets/application.css?body=1" for 127.0.0.1 at 2015-01-11 15:04:28 -0400
Served asset /application.css - 304 Not Modified (0ms)


Started GET "/assets/sales.css?body=1" for 127.0.0.1 at 2015-01-11 15:04:28 -0400
Served asset /sales.css - 304 Not Modified (2ms)


Started GET "/assets/scaffolds.css?body=1" for 127.0.0.1 at 2015-01-11 15:04:28 -0400
Served asset /scaffolds.css - 304 Not Modified (0ms)


Started GET "/assets/jquery.js?body=1" for 127.0.0.1 at 2015-01-11 15:04:28 -0400
Served asset /jquery.js - 304 Not Modified (5ms)


Started GET "/assets/jquery_ujs.js?body=1" for 127.0.0.1 at 2015-01-11 15:04:29 -0400
Served asset /jquery_ujs.js - 304 Not Modified (0ms)


Started GET "/assets/sales.js?body=1" for 127.0.0.1 at 2015-01-11 15:04:29 -0400
Served asset /sales.js - 304 Not Modified (0ms)


Started GET "/assets/application.js?body=1" for 127.0.0.1 at 2015-01-11 15:04:29 -0400
Served asset /application.js - 304 Not Modified (6ms)


Started GET "/sales/" for 127.0.0.1 at 2015-01-11 15:04:44 -0400
Processing by SalesController#index as HTML
  [1m[35mSale Load (0.6ms)[0m  SELECT "sales".* FROM "sales" 
  Rendered sales/index.html.erb within layouts/application (52.3ms)
Completed 200 OK in 68.5ms (Views: 60.2ms | ActiveRecord: 1.0ms)


Started GET "/assets/application.css?body=1" for 127.0.0.1 at 2015-01-11 15:04:45 -0400
Served asset /application.css - 304 Not Modified (0ms)


Started GET "/assets/sales.css?body=1" for 127.0.0.1 at 2015-01-11 15:04:45 -0400
Served asset /sales.css - 304 Not Modified (0ms)


Started GET "/assets/scaffolds.css?body=1" for 127.0.0.1 at 2015-01-11 15:04:45 -0400
Served asset /scaffolds.css - 304 Not Modified (0ms)


Started GET "/assets/jquery_ujs.js?body=1" for 127.0.0.1 at 2015-01-11 15:04:45 -0400
Served asset /jquery_ujs.js - 304 Not Modified (9ms)


Started GET "/assets/jquery.js?body=1" for 127.0.0.1 at 2015-01-11 15:04:45 -0400
Served asset /jquery.js - 304 Not Modified (10ms)


Started GET "/assets/sales.js?body=1" for 127.0.0.1 at 2015-01-11 15:04:45 -0400
Served asset /sales.js - 304 Not Modified (13ms)


Started GET "/assets/application.js?body=1" for 127.0.0.1 at 2015-01-11 15:04:45 -0400
Served asset /application.js - 304 Not Modified (12ms)


Started GET "/sales/" for 127.0.0.1 at 2015-01-11 15:06:54 -0400
Processing by SalesController#index as HTML
  [1m[36mSale Load (0.6ms)[0m  [1mSELECT "sales".* FROM "sales" [0m
  Rendered sales/index.html.erb within layouts/application (57.4ms)
Completed 200 OK in 82.8ms (Views: 63.5ms | ActiveRecord: 1.0ms)


Started GET "/assets/application.css?body=1" for 127.0.0.1 at 2015-01-11 15:06:55 -0400
Served asset /application.css - 304 Not Modified (0ms)


Started GET "/assets/sales.css?body=1" for 127.0.0.1 at 2015-01-11 15:06:55 -0400
Served asset /sales.css - 304 Not Modified (0ms)


Started GET "/assets/scaffolds.css?body=1" for 127.0.0.1 at 2015-01-11 15:06:55 -0400
Served asset /scaffolds.css - 304 Not Modified (0ms)


Started GET "/assets/jquery.js?body=1" for 127.0.0.1 at 2015-01-11 15:06:55 -0400
Served asset /jquery.js - 304 Not Modified (0ms)


Started GET "/assets/jquery_ujs.js?body=1" for 127.0.0.1 at 2015-01-11 15:06:55 -0400
Served asset /jquery_ujs.js - 304 Not Modified (0ms)


Started GET "/assets/sales.js?body=1" for 127.0.0.1 at 2015-01-11 15:06:55 -0400
Served asset /sales.js - 304 Not Modified (0ms)


Started GET "/assets/application.js?body=1" for 127.0.0.1 at 2015-01-11 15:06:55 -0400
Served asset /application.js - 304 Not Modified (0ms)
